
*** Running vivado
    with args -log system.vds -m64 -product Vivado -mode batch -messageDb vivado.pb -notrace -source system.tcl



****** Vivado v2024.1 (64-bit)
  **** SW Build 5076996 on Wed May 22 18:37:14 MDT 2024
  **** IP Build 5075265 on Wed May 22 21:45:21 MDT 2024
  **** SharedData Build 5076995 on Wed May 22 18:29:18 MDT 2024
  **** Start of session at: Wed Dec  4 16:00:23 2024
    ** Copyright 1986-2022 Xilinx, Inc. All Rights Reserved.
    ** Copyright 2022-2024 Advanced Micro Devices, Inc. All Rights Reserved.

source system.tcl -notrace
create_project: Time (s): cpu = 00:00:08 ; elapsed = 00:00:08 . Memory (MB): peak = 523.379 ; gain = 236.887
Command: read_checkpoint -auto_incremental -incremental C:/finalproject/finalproject.srcs/utils_1/imports/synth_1/system.dcp
INFO: [Vivado 12-5825] Read reference checkpoint from C:/finalproject/finalproject.srcs/utils_1/imports/synth_1/system.dcp for incremental synthesis
INFO: [Vivado 12-7989] Please ensure there are no constraint changes
Command: synth_design -top system -part xc7a35tcpg236-1
Starting synth_design
Attempting to get a license for feature 'Synthesis' and/or device 'xc7a35t'
INFO: [Common 17-349] Got license for feature 'Synthesis' and/or device 'xc7a35t'
INFO: [Device 21-403] Loading part xc7a35tcpg236-1
INFO: [Device 21-9227] Part: xc7a35tcpg236-1 does not have CEAM library.
INFO: [Designutils 20-5440] No compile time benefit to using incremental synthesis; A full resynthesis will be run
INFO: [Designutils 20-4379] Flow is switching to default flow due to incremental criteria not met. If you would like to alter this behaviour and have the flow terminate instead, please set the following parameter config_implementation {autoIncr.Synth.RejectBehavior Terminate}
INFO: [Synth 8-7079] Multithreading enabled for synth_design using a maximum of 2 processes.
INFO: [Synth 8-7078] Launching helper process for spawning children vivado processes
INFO: [Synth 8-7075] Helper process launched with PID 18028
---------------------------------------------------------------------------------
Starting RTL Elaboration : Time (s): cpu = 00:00:04 ; elapsed = 00:00:05 . Memory (MB): peak = 1375.617 ; gain = 447.566
---------------------------------------------------------------------------------
WARNING: [Synth 8-11121] redeclaration of ANSI port 'segments' is not allowed [C:/finalproject/finalproject.srcs/sources_1/new/hexTo7Segment.v:28]
INFO: [Synth 8-11241] undeclared symbol 'i', assumed default net type 'wire' [C:/finalproject/finalproject.srcs/sources_1/new/vga_display.v:28]
INFO: [Synth 8-11241] undeclared symbol 'row_counter', assumed default net type 'wire' [C:/finalproject/finalproject.srcs/sources_1/new/vga_display.v:29]
WARNING: [Synth 8-8895] 'row_counter' is already implicitly declared on line 29 [C:/finalproject/finalproject.srcs/sources_1/new/vga_display.v:33]
WARNING: [Synth 8-8895] 'i' is already implicitly declared on line 28 [C:/finalproject/finalproject.srcs/sources_1/new/vga_display.v:35]
INFO: [Synth 8-11241] undeclared symbol 'baud', assumed default net type 'wire' [C:/finalproject/finalproject.srcs/sources_1/new/system.v:23]
WARNING: [Synth 8-8895] 'baud' is already implicitly declared on line 23 [C:/finalproject/finalproject.srcs/sources_1/new/system.v:28]
INFO: [Synth 8-6157] synthesizing module 'system' [C:/finalproject/finalproject.srcs/sources_1/new/system.v:1]
INFO: [Synth 8-6157] synthesizing module 'singlePulser' [C:/finalproject/finalproject.srcs/sources_1/new/singlePulser.v:23]
INFO: [Synth 8-6155] done synthesizing module 'singlePulser' (0#1) [C:/finalproject/finalproject.srcs/sources_1/new/singlePulser.v:23]
INFO: [Synth 8-6157] synthesizing module 'baudrate_gen' [C:/finalproject/finalproject.srcs/sources_1/new/baudrate_gen.v:23]
INFO: [Synth 8-6155] done synthesizing module 'baudrate_gen' (0#1) [C:/finalproject/finalproject.srcs/sources_1/new/baudrate_gen.v:23]
INFO: [Synth 8-6157] synthesizing module 'uart_rx' [C:/finalproject/finalproject.srcs/sources_1/new/uart_rx.v:23]
INFO: [Synth 8-155] case statement is not full and has no default [C:/finalproject/finalproject.srcs/sources_1/new/uart_rx.v:45]
INFO: [Synth 8-6155] done synthesizing module 'uart_rx' (0#1) [C:/finalproject/finalproject.srcs/sources_1/new/uart_rx.v:23]
INFO: [Synth 8-6157] synthesizing module 'uart_tx' [C:/finalproject/finalproject.srcs/sources_1/new/uart_tx.v:22]
INFO: [Synth 8-155] case statement is not full and has no default [C:/finalproject/finalproject.srcs/sources_1/new/uart_tx.v:49]
INFO: [Synth 8-6155] done synthesizing module 'uart_tx' (0#1) [C:/finalproject/finalproject.srcs/sources_1/new/uart_tx.v:22]
INFO: [Synth 8-6157] synthesizing module 'quadSevenSeg' [C:/finalproject/finalproject.srcs/sources_1/new/quadSevenSeg.v:23]
INFO: [Synth 8-6157] synthesizing module 'hexTo7Segment' [C:/finalproject/finalproject.srcs/sources_1/new/hexTo7Segment.v:23]
INFO: [Synth 8-6155] done synthesizing module 'hexTo7Segment' (0#1) [C:/finalproject/finalproject.srcs/sources_1/new/hexTo7Segment.v:23]
WARNING: [Synth 8-567] referenced signal 'num0' should be on the sensitivity list [C:/finalproject/finalproject.srcs/sources_1/new/quadSevenSeg.v:65]
WARNING: [Synth 8-567] referenced signal 'num1' should be on the sensitivity list [C:/finalproject/finalproject.srcs/sources_1/new/quadSevenSeg.v:65]
WARNING: [Synth 8-567] referenced signal 'num2' should be on the sensitivity list [C:/finalproject/finalproject.srcs/sources_1/new/quadSevenSeg.v:65]
WARNING: [Synth 8-567] referenced signal 'num3' should be on the sensitivity list [C:/finalproject/finalproject.srcs/sources_1/new/quadSevenSeg.v:65]
INFO: [Synth 8-6155] done synthesizing module 'quadSevenSeg' (0#1) [C:/finalproject/finalproject.srcs/sources_1/new/quadSevenSeg.v:23]
INFO: [Synth 8-6157] synthesizing module 'vga_display' [C:/finalproject/finalproject.srcs/sources_1/new/vga_display.v:1]
INFO: [Synth 8-6157] synthesizing module 'vga_controller' [C:/finalproject/finalproject.srcs/sources_1/new/vga_controller.v:1]
INFO: [Synth 8-6155] done synthesizing module 'vga_controller' (0#1) [C:/finalproject/finalproject.srcs/sources_1/new/vga_controller.v:1]
INFO: [Synth 8-6157] synthesizing module 'font_rom' [C:/finalproject/finalproject.srcs/sources_1/new/font_ram.v:1]
INFO: [Synth 8-6155] done synthesizing module 'font_rom' (0#1) [C:/finalproject/finalproject.srcs/sources_1/new/font_ram.v:1]
INFO: [Synth 8-6155] done synthesizing module 'vga_display' (0#1) [C:/finalproject/finalproject.srcs/sources_1/new/vga_display.v:1]
INFO: [Synth 8-6155] done synthesizing module 'system' (0#1) [C:/finalproject/finalproject.srcs/sources_1/new/system.v:1]
WARNING: [Synth 8-3848] Net font_mem[0][0] in module/entity font_rom does not have driver. [C:/finalproject/finalproject.srcs/sources_1/new/font_ram.v:9]
WARNING: [Synth 8-3848] Net font_mem[1][0] in module/entity font_rom does not have driver. [C:/finalproject/finalproject.srcs/sources_1/new/font_ram.v:9]
WARNING: [Synth 8-3848] Net font_mem[2][0] in module/entity font_rom does not have driver. [C:/finalproject/finalproject.srcs/sources_1/new/font_ram.v:9]
WARNING: [Synth 8-3848] Net font_mem[3][0] in module/entity font_rom does not have driver. [C:/finalproject/finalproject.srcs/sources_1/new/font_ram.v:9]
WARNING: [Synth 8-3848] Net font_mem[4][0] in module/entity font_rom does not have driver. [C:/finalproject/finalproject.srcs/sources_1/new/font_ram.v:9]
WARNING: [Synth 8-3848] Net font_mem[5][0] in module/entity font_rom does not have driver. [C:/finalproject/finalproject.srcs/sources_1/new/font_ram.v:9]
WARNING: [Synth 8-3848] Net font_mem[6][0] in module/entity font_rom does not have driver. [C:/finalproject/finalproject.srcs/sources_1/new/font_ram.v:9]
WARNING: [Synth 8-3848] Net font_mem[7][0] in module/entity font_rom does not have driver. [C:/finalproject/finalproject.srcs/sources_1/new/font_ram.v:9]
WARNING: [Synth 8-3848] Net font_mem[8][0] in module/entity font_rom does not have driver. [C:/finalproject/finalproject.srcs/sources_1/new/font_ram.v:9]
WARNING: [Synth 8-3848] Net font_mem[9][0] in module/entity font_rom does not have driver. [C:/finalproject/finalproject.srcs/sources_1/new/font_ram.v:9]
WARNING: [Synth 8-3848] Net font_mem[10][0] in module/entity font_rom does not have driver. [C:/finalproject/finalproject.srcs/sources_1/new/font_ram.v:9]
WARNING: [Synth 8-3848] Net font_mem[11][0] in module/entity font_rom does not have driver. [C:/finalproject/finalproject.srcs/sources_1/new/font_ram.v:9]
WARNING: [Synth 8-3848] Net font_mem[12][0] in module/entity font_rom does not have driver. [C:/finalproject/finalproject.srcs/sources_1/new/font_ram.v:9]
WARNING: [Synth 8-3848] Net font_mem[13][0] in module/entity font_rom does not have driver. [C:/finalproject/finalproject.srcs/sources_1/new/font_ram.v:9]
WARNING: [Synth 8-3848] Net font_mem[14][0] in module/entity font_rom does not have driver. [C:/finalproject/finalproject.srcs/sources_1/new/font_ram.v:9]
WARNING: [Synth 8-3848] Net font_mem[15][0] in module/entity font_rom does not have driver. [C:/finalproject/finalproject.srcs/sources_1/new/font_ram.v:9]
WARNING: [Synth 8-3848] Net font_mem[16][0] in module/entity font_rom does not have driver. [C:/finalproject/finalproject.srcs/sources_1/new/font_ram.v:9]
WARNING: [Synth 8-3848] Net font_mem[17][0] in module/entity font_rom does not have driver. [C:/finalproject/finalproject.srcs/sources_1/new/font_ram.v:9]
WARNING: [Synth 8-3848] Net font_mem[18][0] in module/entity font_rom does not have driver. [C:/finalproject/finalproject.srcs/sources_1/new/font_ram.v:9]
WARNING: [Synth 8-3848] Net font_mem[19][0] in module/entity font_rom does not have driver. [C:/finalproject/finalproject.srcs/sources_1/new/font_ram.v:9]
WARNING: [Synth 8-3848] Net font_mem[20][0] in module/entity font_rom does not have driver. [C:/finalproject/finalproject.srcs/sources_1/new/font_ram.v:9]
WARNING: [Synth 8-3848] Net font_mem[21][0] in module/entity font_rom does not have driver. [C:/finalproject/finalproject.srcs/sources_1/new/font_ram.v:9]
WARNING: [Synth 8-3848] Net font_mem[22][0] in module/entity font_rom does not have driver. [C:/finalproject/finalproject.srcs/sources_1/new/font_ram.v:9]
WARNING: [Synth 8-3848] Net font_mem[23][0] in module/entity font_rom does not have driver. [C:/finalproject/finalproject.srcs/sources_1/new/font_ram.v:9]
WARNING: [Synth 8-3848] Net font_mem[24][0] in module/entity font_rom does not have driver. [C:/finalproject/finalproject.srcs/sources_1/new/font_ram.v:9]
WARNING: [Synth 8-3848] Net font_mem[25][0] in module/entity font_rom does not have driver. [C:/finalproject/finalproject.srcs/sources_1/new/font_ram.v:9]
WARNING: [Synth 8-3848] Net font_mem[26][0] in module/entity font_rom does not have driver. [C:/finalproject/finalproject.srcs/sources_1/new/font_ram.v:9]
WARNING: [Synth 8-3848] Net font_mem[27][0] in module/entity font_rom does not have driver. [C:/finalproject/finalproject.srcs/sources_1/new/font_ram.v:9]
WARNING: [Synth 8-3848] Net font_mem[28][0] in module/entity font_rom does not have driver. [C:/finalproject/finalproject.srcs/sources_1/new/font_ram.v:9]
WARNING: [Synth 8-3848] Net font_mem[29][0] in module/entity font_rom does not have driver. [C:/finalproject/finalproject.srcs/sources_1/new/font_ram.v:9]
WARNING: [Synth 8-3848] Net font_mem[30][0] in module/entity font_rom does not have driver. [C:/finalproject/finalproject.srcs/sources_1/new/font_ram.v:9]
WARNING: [Synth 8-3848] Net font_mem[31][0] in module/entity font_rom does not have driver. [C:/finalproject/finalproject.srcs/sources_1/new/font_ram.v:9]
WARNING: [Synth 8-3848] Net font_mem[32][0] in module/entity font_rom does not have driver. [C:/finalproject/finalproject.srcs/sources_1/new/font_ram.v:9]
WARNING: [Synth 8-3848] Net font_mem[33][0] in module/entity font_rom does not have driver. [C:/finalproject/finalproject.srcs/sources_1/new/font_ram.v:9]
WARNING: [Synth 8-3848] Net font_mem[34][0] in module/entity font_rom does not have driver. [C:/finalproject/finalproject.srcs/sources_1/new/font_ram.v:9]
WARNING: [Synth 8-3848] Net font_mem[35][0] in module/entity font_rom does not have driver. [C:/finalproject/finalproject.srcs/sources_1/new/font_ram.v:9]
WARNING: [Synth 8-3848] Net font_mem[36][0] in module/entity font_rom does not have driver. [C:/finalproject/finalproject.srcs/sources_1/new/font_ram.v:9]
WARNING: [Synth 8-3848] Net font_mem[37][0] in module/entity font_rom does not have driver. [C:/finalproject/finalproject.srcs/sources_1/new/font_ram.v:9]
WARNING: [Synth 8-3848] Net font_mem[38][0] in module/entity font_rom does not have driver. [C:/finalproject/finalproject.srcs/sources_1/new/font_ram.v:9]
WARNING: [Synth 8-3848] Net font_mem[39][0] in module/entity font_rom does not have driver. [C:/finalproject/finalproject.srcs/sources_1/new/font_ram.v:9]
WARNING: [Synth 8-3848] Net font_mem[40][0] in module/entity font_rom does not have driver. [C:/finalproject/finalproject.srcs/sources_1/new/font_ram.v:9]
WARNING: [Synth 8-3848] Net font_mem[41][0] in module/entity font_rom does not have driver. [C:/finalproject/finalproject.srcs/sources_1/new/font_ram.v:9]
WARNING: [Synth 8-3848] Net font_mem[42][0] in module/entity font_rom does not have driver. [C:/finalproject/finalproject.srcs/sources_1/new/font_ram.v:9]
WARNING: [Synth 8-3848] Net font_mem[43][0] in module/entity font_rom does not have driver. [C:/finalproject/finalproject.srcs/sources_1/new/font_ram.v:9]
WARNING: [Synth 8-3848] Net font_mem[44][0] in module/entity font_rom does not have driver. [C:/finalproject/finalproject.srcs/sources_1/new/font_ram.v:9]
WARNING: [Synth 8-3848] Net font_mem[45][0] in module/entity font_rom does not have driver. [C:/finalproject/finalproject.srcs/sources_1/new/font_ram.v:9]
WARNING: [Synth 8-3848] Net font_mem[46][0] in module/entity font_rom does not have driver. [C:/finalproject/finalproject.srcs/sources_1/new/font_ram.v:9]
WARNING: [Synth 8-3848] Net font_mem[47][0] in module/entity font_rom does not have driver. [C:/finalproject/finalproject.srcs/sources_1/new/font_ram.v:9]
WARNING: [Synth 8-3848] Net font_mem[48][0] in module/entity font_rom does not have driver. [C:/finalproject/finalproject.srcs/sources_1/new/font_ram.v:9]
WARNING: [Synth 8-3848] Net font_mem[49][0] in module/entity font_rom does not have driver. [C:/finalproject/finalproject.srcs/sources_1/new/font_ram.v:9]
WARNING: [Synth 8-3848] Net font_mem[50][0] in module/entity font_rom does not have driver. [C:/finalproject/finalproject.srcs/sources_1/new/font_ram.v:9]
WARNING: [Synth 8-3848] Net font_mem[51][0] in module/entity font_rom does not have driver. [C:/finalproject/finalproject.srcs/sources_1/new/font_ram.v:9]
WARNING: [Synth 8-3848] Net font_mem[52][0] in module/entity font_rom does not have driver. [C:/finalproject/finalproject.srcs/sources_1/new/font_ram.v:9]
WARNING: [Synth 8-3848] Net font_mem[53][0] in module/entity font_rom does not have driver. [C:/finalproject/finalproject.srcs/sources_1/new/font_ram.v:9]
WARNING: [Synth 8-3848] Net font_mem[54][0] in module/entity font_rom does not have driver. [C:/finalproject/finalproject.srcs/sources_1/new/font_ram.v:9]
WARNING: [Synth 8-3848] Net font_mem[55][0] in module/entity font_rom does not have driver. [C:/finalproject/finalproject.srcs/sources_1/new/font_ram.v:9]
WARNING: [Synth 8-3848] Net font_mem[56][0] in module/entity font_rom does not have driver. [C:/finalproject/finalproject.srcs/sources_1/new/font_ram.v:9]
WARNING: [Synth 8-3848] Net font_mem[57][0] in module/entity font_rom does not have driver. [C:/finalproject/finalproject.srcs/sources_1/new/font_ram.v:9]
WARNING: [Synth 8-3848] Net font_mem[58][0] in module/entity font_rom does not have driver. [C:/finalproject/finalproject.srcs/sources_1/new/font_ram.v:9]
WARNING: [Synth 8-3848] Net font_mem[59][0] in module/entity font_rom does not have driver. [C:/finalproject/finalproject.srcs/sources_1/new/font_ram.v:9]
WARNING: [Synth 8-3848] Net font_mem[60][0] in module/entity font_rom does not have driver. [C:/finalproject/finalproject.srcs/sources_1/new/font_ram.v:9]
WARNING: [Synth 8-3848] Net font_mem[61][0] in module/entity font_rom does not have driver. [C:/finalproject/finalproject.srcs/sources_1/new/font_ram.v:9]
WARNING: [Synth 8-3848] Net font_mem[62][0] in module/entity font_rom does not have driver. [C:/finalproject/finalproject.srcs/sources_1/new/font_ram.v:9]
WARNING: [Synth 8-3848] Net font_mem[63][0] in module/entity font_rom does not have driver. [C:/finalproject/finalproject.srcs/sources_1/new/font_ram.v:9]
WARNING: [Synth 8-3848] Net font_mem[64][0] in module/entity font_rom does not have driver. [C:/finalproject/finalproject.srcs/sources_1/new/font_ram.v:9]
WARNING: [Synth 8-3848] Net font_mem[65][0] in module/entity font_rom does not have driver. [C:/finalproject/finalproject.srcs/sources_1/new/font_ram.v:9]
WARNING: [Synth 8-3848] Net font_mem[66][0] in module/entity font_rom does not have driver. [C:/finalproject/finalproject.srcs/sources_1/new/font_ram.v:9]
WARNING: [Synth 8-3848] Net font_mem[67][0] in module/entity font_rom does not have driver. [C:/finalproject/finalproject.srcs/sources_1/new/font_ram.v:9]
WARNING: [Synth 8-3848] Net font_mem[68][0] in module/entity font_rom does not have driver. [C:/finalproject/finalproject.srcs/sources_1/new/font_ram.v:9]
WARNING: [Synth 8-3848] Net font_mem[69][0] in module/entity font_rom does not have driver. [C:/finalproject/finalproject.srcs/sources_1/new/font_ram.v:9]
WARNING: [Synth 8-3848] Net font_mem[70][0] in module/entity font_rom does not have driver. [C:/finalproject/finalproject.srcs/sources_1/new/font_ram.v:9]
WARNING: [Synth 8-3848] Net font_mem[71][0] in module/entity font_rom does not have driver. [C:/finalproject/finalproject.srcs/sources_1/new/font_ram.v:9]
WARNING: [Synth 8-3848] Net font_mem[72][0] in module/entity font_rom does not have driver. [C:/finalproject/finalproject.srcs/sources_1/new/font_ram.v:9]
WARNING: [Synth 8-3848] Net font_mem[73][0] in module/entity font_rom does not have driver. [C:/finalproject/finalproject.srcs/sources_1/new/font_ram.v:9]
WARNING: [Synth 8-3848] Net font_mem[74][0] in module/entity font_rom does not have driver. [C:/finalproject/finalproject.srcs/sources_1/new/font_ram.v:9]
WARNING: [Synth 8-3848] Net font_mem[75][0] in module/entity font_rom does not have driver. [C:/finalproject/finalproject.srcs/sources_1/new/font_ram.v:9]
WARNING: [Synth 8-3848] Net font_mem[76][0] in module/entity font_rom does not have driver. [C:/finalproject/finalproject.srcs/sources_1/new/font_ram.v:9]
WARNING: [Synth 8-3848] Net font_mem[77][0] in module/entity font_rom does not have driver. [C:/finalproject/finalproject.srcs/sources_1/new/font_ram.v:9]
WARNING: [Synth 8-3848] Net font_mem[78][0] in module/entity font_rom does not have driver. [C:/finalproject/finalproject.srcs/sources_1/new/font_ram.v:9]
WARNING: [Synth 8-3848] Net font_mem[79][0] in module/entity font_rom does not have driver. [C:/finalproject/finalproject.srcs/sources_1/new/font_ram.v:9]
WARNING: [Synth 8-3848] Net font_mem[80][0] in module/entity font_rom does not have driver. [C:/finalproject/finalproject.srcs/sources_1/new/font_ram.v:9]
WARNING: [Synth 8-3848] Net font_mem[81][0] in module/entity font_rom does not have driver. [C:/finalproject/finalproject.srcs/sources_1/new/font_ram.v:9]
WARNING: [Synth 8-3848] Net font_mem[82][0] in module/entity font_rom does not have driver. [C:/finalproject/finalproject.srcs/sources_1/new/font_ram.v:9]
WARNING: [Synth 8-3848] Net font_mem[83][0] in module/entity font_rom does not have driver. [C:/finalproject/finalproject.srcs/sources_1/new/font_ram.v:9]
WARNING: [Synth 8-3848] Net font_mem[84][0] in module/entity font_rom does not have driver. [C:/finalproject/finalproject.srcs/sources_1/new/font_ram.v:9]
WARNING: [Synth 8-3848] Net font_mem[85][0] in module/entity font_rom does not have driver. [C:/finalproject/finalproject.srcs/sources_1/new/font_ram.v:9]
WARNING: [Synth 8-3848] Net font_mem[86][0] in module/entity font_rom does not have driver. [C:/finalproject/finalproject.srcs/sources_1/new/font_ram.v:9]
WARNING: [Synth 8-3848] Net font_mem[87][0] in module/entity font_rom does not have driver. [C:/finalproject/finalproject.srcs/sources_1/new/font_ram.v:9]
WARNING: [Synth 8-3848] Net font_mem[88][0] in module/entity font_rom does not have driver. [C:/finalproject/finalproject.srcs/sources_1/new/font_ram.v:9]
WARNING: [Synth 8-3848] Net font_mem[89][0] in module/entity font_rom does not have driver. [C:/finalproject/finalproject.srcs/sources_1/new/font_ram.v:9]
WARNING: [Synth 8-3848] Net font_mem[90][0] in module/entity font_rom does not have driver. [C:/finalproject/finalproject.srcs/sources_1/new/font_ram.v:9]
WARNING: [Synth 8-3848] Net font_mem[91][0] in module/entity font_rom does not have driver. [C:/finalproject/finalproject.srcs/sources_1/new/font_ram.v:9]
WARNING: [Synth 8-3848] Net font_mem[92][0] in module/entity font_rom does not have driver. [C:/finalproject/finalproject.srcs/sources_1/new/font_ram.v:9]
WARNING: [Synth 8-3848] Net font_mem[93][0] in module/entity font_rom does not have driver. [C:/finalproject/finalproject.srcs/sources_1/new/font_ram.v:9]
WARNING: [Synth 8-3848] Net font_mem[94][0] in module/entity font_rom does not have driver. [C:/finalproject/finalproject.srcs/sources_1/new/font_ram.v:9]
WARNING: [Synth 8-3848] Net font_mem[95][0] in module/entity font_rom does not have driver. [C:/finalproject/finalproject.srcs/sources_1/new/font_ram.v:9]
WARNING: [Synth 8-3848] Net font_mem[96][0] in module/entity font_rom does not have driver. [C:/finalproject/finalproject.srcs/sources_1/new/font_ram.v:9]
WARNING: [Synth 8-3848] Net font_mem[102][0] in module/entity font_rom does not have driver. [C:/finalproject/finalproject.srcs/sources_1/new/font_ram.v:9]
WARNING: [Synth 8-3848] Net font_mem[103][0] in module/entity font_rom does not have driver. [C:/finalproject/finalproject.srcs/sources_1/new/font_ram.v:9]
WARNING: [Synth 8-3848] Net font_mem[104][0] in module/entity font_rom does not have driver. [C:/finalproject/finalproject.srcs/sources_1/new/font_ram.v:9]
INFO: [Common 17-14] Message 'Synth 8-3848' appears 100 times and further instances of the messages will be disabled. Use the Tcl command set_msg_config to change the current settings.
WARNING: [Synth 8-6014] Unused sequential element vga_green_reg was removed.  [C:/finalproject/finalproject.srcs/sources_1/new/vga_display.v:60]
---------------------------------------------------------------------------------
Finished RTL Elaboration : Time (s): cpu = 00:00:06 ; elapsed = 00:00:07 . Memory (MB): peak = 1527.891 ; gain = 599.840
---------------------------------------------------------------------------------
---------------------------------------------------------------------------------
Start Handling Custom Attributes
---------------------------------------------------------------------------------
---------------------------------------------------------------------------------
Finished Handling Custom Attributes : Time (s): cpu = 00:00:06 ; elapsed = 00:00:07 . Memory (MB): peak = 1527.891 ; gain = 599.840
---------------------------------------------------------------------------------
---------------------------------------------------------------------------------
Finished RTL Optimization Phase 1 : Time (s): cpu = 00:00:06 ; elapsed = 00:00:07 . Memory (MB): peak = 1527.891 ; gain = 599.840
---------------------------------------------------------------------------------
Netlist sorting complete. Time (s): cpu = 00:00:00 ; elapsed = 00:00:00.009 . Memory (MB): peak = 1527.891 ; gain = 0.000
INFO: [Project 1-570] Preparing netlist for logic optimization

Processing XDC Constraints
Initializing timing engine
Parsing XDC File [C:/finalproject/finalproject.srcs/constrs_1/new/consraint.xdc]
WARNING: [Vivado 12-584] No ports matched 'sw[8]'. [C:/finalproject/finalproject.srcs/constrs_1/new/consraint.xdc:28]
CRITICAL WARNING: [Common 17-55] 'set_property' expects at least one object. [C:/finalproject/finalproject.srcs/constrs_1/new/consraint.xdc:28]
Resolution: If [get_<value>] was used to populate the object, check to make sure this command returns at least one valid object.
WARNING: [Vivado 12-584] No ports matched 'sw[8]'. [C:/finalproject/finalproject.srcs/constrs_1/new/consraint.xdc:29]
CRITICAL WARNING: [Common 17-55] 'set_property' expects at least one object. [C:/finalproject/finalproject.srcs/constrs_1/new/consraint.xdc:29]
Resolution: If [get_<value>] was used to populate the object, check to make sure this command returns at least one valid object.
WARNING: [Vivado 12-584] No ports matched 'sw[9]'. [C:/finalproject/finalproject.srcs/constrs_1/new/consraint.xdc:30]
CRITICAL WARNING: [Common 17-55] 'set_property' expects at least one object. [C:/finalproject/finalproject.srcs/constrs_1/new/consraint.xdc:30]
Resolution: If [get_<value>] was used to populate the object, check to make sure this command returns at least one valid object.
WARNING: [Vivado 12-584] No ports matched 'sw[9]'. [C:/finalproject/finalproject.srcs/constrs_1/new/consraint.xdc:31]
CRITICAL WARNING: [Common 17-55] 'set_property' expects at least one object. [C:/finalproject/finalproject.srcs/constrs_1/new/consraint.xdc:31]
Resolution: If [get_<value>] was used to populate the object, check to make sure this command returns at least one valid object.
WARNING: [Vivado 12-584] No ports matched 'sw[10]'. [C:/finalproject/finalproject.srcs/constrs_1/new/consraint.xdc:32]
CRITICAL WARNING: [Common 17-55] 'set_property' expects at least one object. [C:/finalproject/finalproject.srcs/constrs_1/new/consraint.xdc:32]
Resolution: If [get_<value>] was used to populate the object, check to make sure this command returns at least one valid object.
WARNING: [Vivado 12-584] No ports matched 'sw[10]'. [C:/finalproject/finalproject.srcs/constrs_1/new/consraint.xdc:33]
CRITICAL WARNING: [Common 17-55] 'set_property' expects at least one object. [C:/finalproject/finalproject.srcs/constrs_1/new/consraint.xdc:33]
Resolution: If [get_<value>] was used to populate the object, check to make sure this command returns at least one valid object.
WARNING: [Vivado 12-584] No ports matched 'sw[11]'. [C:/finalproject/finalproject.srcs/constrs_1/new/consraint.xdc:34]
CRITICAL WARNING: [Common 17-55] 'set_property' expects at least one object. [C:/finalproject/finalproject.srcs/constrs_1/new/consraint.xdc:34]
Resolution: If [get_<value>] was used to populate the object, check to make sure this command returns at least one valid object.
WARNING: [Vivado 12-584] No ports matched 'sw[11]'. [C:/finalproject/finalproject.srcs/constrs_1/new/consraint.xdc:35]
CRITICAL WARNING: [Common 17-55] 'set_property' expects at least one object. [C:/finalproject/finalproject.srcs/constrs_1/new/consraint.xdc:35]
Resolution: If [get_<value>] was used to populate the object, check to make sure this command returns at least one valid object.
WARNING: [Vivado 12-584] No ports matched 'btnC'. [C:/finalproject/finalproject.srcs/constrs_1/new/consraint.xdc:111]
CRITICAL WARNING: [Common 17-55] 'set_property' expects at least one object. [C:/finalproject/finalproject.srcs/constrs_1/new/consraint.xdc:111]
Resolution: If [get_<value>] was used to populate the object, check to make sure this command returns at least one valid object.
WARNING: [Vivado 12-584] No ports matched 'btnC'. [C:/finalproject/finalproject.srcs/constrs_1/new/consraint.xdc:112]
CRITICAL WARNING: [Common 17-55] 'set_property' expects at least one object. [C:/finalproject/finalproject.srcs/constrs_1/new/consraint.xdc:112]
Resolution: If [get_<value>] was used to populate the object, check to make sure this command returns at least one valid object.
WARNING: [Vivado 12-584] No ports matched 'btnL'. [C:/finalproject/finalproject.srcs/constrs_1/new/consraint.xdc:115]
CRITICAL WARNING: [Common 17-55] 'set_property' expects at least one object. [C:/finalproject/finalproject.srcs/constrs_1/new/consraint.xdc:115]
Resolution: If [get_<value>] was used to populate the object, check to make sure this command returns at least one valid object.
WARNING: [Vivado 12-584] No ports matched 'btnL'. [C:/finalproject/finalproject.srcs/constrs_1/new/consraint.xdc:116]
CRITICAL WARNING: [Common 17-55] 'set_property' expects at least one object. [C:/finalproject/finalproject.srcs/constrs_1/new/consraint.xdc:116]
Resolution: If [get_<value>] was used to populate the object, check to make sure this command returns at least one valid object.
WARNING: [Vivado 12-584] No ports matched 'btnR'. [C:/finalproject/finalproject.srcs/constrs_1/new/consraint.xdc:117]
CRITICAL WARNING: [Common 17-55] 'set_property' expects at least one object. [C:/finalproject/finalproject.srcs/constrs_1/new/consraint.xdc:117]
Resolution: If [get_<value>] was used to populate the object, check to make sure this command returns at least one valid object.
WARNING: [Vivado 12-584] No ports matched 'btnR'. [C:/finalproject/finalproject.srcs/constrs_1/new/consraint.xdc:118]
CRITICAL WARNING: [Common 17-55] 'set_property' expects at least one object. [C:/finalproject/finalproject.srcs/constrs_1/new/consraint.xdc:118]
Resolution: If [get_<value>] was used to populate the object, check to make sure this command returns at least one valid object.
WARNING: [Vivado 12-584] No ports matched 'btnD'. [C:/finalproject/finalproject.srcs/constrs_1/new/consraint.xdc:119]
CRITICAL WARNING: [Common 17-55] 'set_property' expects at least one object. [C:/finalproject/finalproject.srcs/constrs_1/new/consraint.xdc:119]
Resolution: If [get_<value>] was used to populate the object, check to make sure this command returns at least one valid object.
WARNING: [Vivado 12-584] No ports matched 'btnD'. [C:/finalproject/finalproject.srcs/constrs_1/new/consraint.xdc:120]
CRITICAL WARNING: [Common 17-55] 'set_property' expects at least one object. [C:/finalproject/finalproject.srcs/constrs_1/new/consraint.xdc:120]
Resolution: If [get_<value>] was used to populate the object, check to make sure this command returns at least one valid object.
Finished Parsing XDC File [C:/finalproject/finalproject.srcs/constrs_1/new/consraint.xdc]
INFO: [Project 1-236] Implementation specific constraints were found while reading constraint file [C:/finalproject/finalproject.srcs/constrs_1/new/consraint.xdc]. These constraints will be ignored for synthesis but will be used in implementation. Impacted constraints are listed in the file [.Xil/system_propImpl.xdc].
Resolution: To avoid this warning, move constraints listed in [.Xil/system_propImpl.xdc] to another XDC file and exclude this new file from synthesis with the used_in_synthesis property (File Properties dialog in GUI) and re-run elaboration/synthesis.
Completed Processing XDC Constraints

Netlist sorting complete. Time (s): cpu = 00:00:00 ; elapsed = 00:00:00 . Memory (MB): peak = 1596.707 ; gain = 0.000
INFO: [Project 1-111] Unisim Transformation Summary:
No Unisim elements were transformed.

Constraint Validation Runtime : Time (s): cpu = 00:00:00 ; elapsed = 00:00:00.006 . Memory (MB): peak = 1596.707 ; gain = 0.000
INFO: [Designutils 20-5440] No compile time benefit to using incremental synthesis; A full resynthesis will be run
INFO: [Designutils 20-4379] Flow is switching to default flow due to incremental criteria not met. If you would like to alter this behaviour and have the flow terminate instead, please set the following parameter config_implementation {autoIncr.Synth.RejectBehavior Terminate}
---------------------------------------------------------------------------------
Finished Constraint Validation : Time (s): cpu = 00:00:13 ; elapsed = 00:00:14 . Memory (MB): peak = 1596.707 ; gain = 668.656
---------------------------------------------------------------------------------
---------------------------------------------------------------------------------
Start Loading Part and Timing Information
---------------------------------------------------------------------------------
Loading part: xc7a35tcpg236-1
---------------------------------------------------------------------------------
Finished Loading Part and Timing Information : Time (s): cpu = 00:00:14 ; elapsed = 00:00:14 . Memory (MB): peak = 1596.707 ; gain = 668.656
---------------------------------------------------------------------------------
---------------------------------------------------------------------------------
Start Applying 'set_property' XDC Constraints
---------------------------------------------------------------------------------
---------------------------------------------------------------------------------
Finished applying 'set_property' XDC Constraints : Time (s): cpu = 00:00:14 ; elapsed = 00:00:15 . Memory (MB): peak = 1596.707 ; gain = 668.656
---------------------------------------------------------------------------------
WARNING: [Synth 8-327] inferring latch for variable 'i' [C:/finalproject/finalproject.srcs/sources_1/new/vga_display.v:28]
---------------------------------------------------------------------------------
Finished RTL Optimization Phase 2 : Time (s): cpu = 00:00:14 ; elapsed = 00:00:15 . Memory (MB): peak = 1596.707 ; gain = 668.656
---------------------------------------------------------------------------------
---------------------------------------------------------------------------------
Start RTL Component Statistics 
---------------------------------------------------------------------------------
Detailed RTL Component Info : 
+---Adders : 
	   2 Input   32 Bit       Adders := 4     
	   2 Input   10 Bit       Adders := 2     
	   2 Input    8 Bit       Adders := 2     
	   2 Input    3 Bit       Adders := 2     
	   2 Input    2 Bit       Adders := 2     
+---Registers : 
	               10 Bit    Registers := 4     
	                8 Bit    Registers := 5     
	                4 Bit    Registers := 1     
	                3 Bit    Registers := 1     
	                2 Bit    Registers := 2     
	                1 Bit    Registers := 18    
+---Muxes : 
	   2 Input   32 Bit        Muxes := 2     
	   2 Input    8 Bit        Muxes := 1     
	   4 Input    4 Bit        Muxes := 2     
	   4 Input    1 Bit        Muxes := 4     
	   2 Input    1 Bit        Muxes := 3     
---------------------------------------------------------------------------------
Finished RTL Component Statistics 
---------------------------------------------------------------------------------
---------------------------------------------------------------------------------
Start Part Resource Summary
---------------------------------------------------------------------------------
Part Resources:
DSPs: 90 (col length:60)
BRAMs: 100 (col length: RAMB18 60 RAMB36 30)
---------------------------------------------------------------------------------
Finished Part Resource Summary
---------------------------------------------------------------------------------
---------------------------------------------------------------------------------
Start Cross Boundary and Area Optimization
---------------------------------------------------------------------------------
WARNING: [Synth 8-7080] Parallel synthesis criteria is not met
WARNING: [Synth 8-3917] design system has port dp driven by constant 0
WARNING: [Synth 8-3332] Sequential element (vga_inst/i__27) is unused and will be removed from module system.
WARNING: [Synth 8-3332] Sequential element (vga_inst/i__28) is unused and will be removed from module system.
---------------------------------------------------------------------------------
Finished Cross Boundary and Area Optimization : Time (s): cpu = 00:00:18 ; elapsed = 00:00:19 . Memory (MB): peak = 1596.707 ; gain = 668.656
---------------------------------------------------------------------------------
---------------------------------------------------------------------------------
Start ROM, RAM, DSP, Shift Register and Retiming Reporting
---------------------------------------------------------------------------------

Distributed RAM: Preliminary Mapping Report (see note below)
+------------+-------------------------+-----------+----------------------+-------------+
|Module Name | RTL Object              | Inference | Size (Depth x Width) | Primitives  | 
+------------+-------------------------+-----------+----------------------+-------------+
|system      | vga_inst/char_array_reg | Implied   | 8 x 8                | RAM32M x 2  | 
+------------+-------------------------+-----------+----------------------+-------------+

Note: The table above is a preliminary report that shows the Distributed RAMs at the current stage of the synthesis flow. Some Distributed RAMs may be reimplemented as non Distributed RAM primitives later in the synthesis flow. Multiple instantiated RAMs are reported only once.
---------------------------------------------------------------------------------
Finished ROM, RAM, DSP, Shift Register and Retiming Reporting
---------------------------------------------------------------------------------
---------------------------------------------------------------------------------
Start Applying XDC Timing Constraints
---------------------------------------------------------------------------------
---------------------------------------------------------------------------------
Finished Applying XDC Timing Constraints : Time (s): cpu = 00:00:23 ; elapsed = 00:00:25 . Memory (MB): peak = 1596.707 ; gain = 668.656
---------------------------------------------------------------------------------
---------------------------------------------------------------------------------
Start Timing Optimization
---------------------------------------------------------------------------------
---------------------------------------------------------------------------------
Finished Timing Optimization : Time (s): cpu = 00:00:23 ; elapsed = 00:00:25 . Memory (MB): peak = 1596.707 ; gain = 668.656
---------------------------------------------------------------------------------
---------------------------------------------------------------------------------
Start ROM, RAM, DSP, Shift Register and Retiming Reporting
---------------------------------------------------------------------------------

Distributed RAM: Final Mapping Report
+------------+-------------------------+-----------+----------------------+-------------+
|Module Name | RTL Object              | Inference | Size (Depth x Width) | Primitives  | 
+------------+-------------------------+-----------+----------------------+-------------+
|system      | vga_inst/char_array_reg | Implied   | 8 x 8                | RAM32M x 2  | 
+------------+-------------------------+-----------+----------------------+-------------+

---------------------------------------------------------------------------------
Finished ROM, RAM, DSP, Shift Register and Retiming Reporting
---------------------------------------------------------------------------------
---------------------------------------------------------------------------------
Start Technology Mapping
---------------------------------------------------------------------------------
---------------------------------------------------------------------------------
Finished Technology Mapping : Time (s): cpu = 00:00:24 ; elapsed = 00:00:25 . Memory (MB): peak = 1596.707 ; gain = 668.656
---------------------------------------------------------------------------------
---------------------------------------------------------------------------------
Start IO Insertion
---------------------------------------------------------------------------------
---------------------------------------------------------------------------------
Start Flattening Before IO Insertion
---------------------------------------------------------------------------------
---------------------------------------------------------------------------------
Finished Flattening Before IO Insertion
---------------------------------------------------------------------------------
---------------------------------------------------------------------------------
Start Final Netlist Cleanup
---------------------------------------------------------------------------------
---------------------------------------------------------------------------------
Finished Final Netlist Cleanup
---------------------------------------------------------------------------------
---------------------------------------------------------------------------------
Finished IO Insertion : Time (s): cpu = 00:00:28 ; elapsed = 00:00:30 . Memory (MB): peak = 1596.707 ; gain = 668.656
---------------------------------------------------------------------------------
---------------------------------------------------------------------------------
Start Renaming Generated Instances
---------------------------------------------------------------------------------
---------------------------------------------------------------------------------
Finished Renaming Generated Instances : Time (s): cpu = 00:00:28 ; elapsed = 00:00:30 . Memory (MB): peak = 1596.707 ; gain = 668.656
---------------------------------------------------------------------------------
---------------------------------------------------------------------------------
Start Rebuilding User Hierarchy
---------------------------------------------------------------------------------
---------------------------------------------------------------------------------
Finished Rebuilding User Hierarchy : Time (s): cpu = 00:00:28 ; elapsed = 00:00:30 . Memory (MB): peak = 1596.707 ; gain = 668.656
---------------------------------------------------------------------------------
---------------------------------------------------------------------------------
Start Renaming Generated Ports
---------------------------------------------------------------------------------
---------------------------------------------------------------------------------
Finished Renaming Generated Ports : Time (s): cpu = 00:00:28 ; elapsed = 00:00:30 . Memory (MB): peak = 1596.707 ; gain = 668.656
---------------------------------------------------------------------------------
---------------------------------------------------------------------------------
Start Handling Custom Attributes
---------------------------------------------------------------------------------
---------------------------------------------------------------------------------
Finished Handling Custom Attributes : Time (s): cpu = 00:00:28 ; elapsed = 00:00:30 . Memory (MB): peak = 1596.707 ; gain = 668.656
---------------------------------------------------------------------------------
---------------------------------------------------------------------------------
Start Renaming Generated Nets
---------------------------------------------------------------------------------
---------------------------------------------------------------------------------
Finished Renaming Generated Nets : Time (s): cpu = 00:00:28 ; elapsed = 00:00:30 . Memory (MB): peak = 1596.707 ; gain = 668.656
---------------------------------------------------------------------------------
---------------------------------------------------------------------------------
Start Writing Synthesis Report
---------------------------------------------------------------------------------

Report BlackBoxes: 
+-+--------------+----------+
| |BlackBox name |Instances |
+-+--------------+----------+
+-+--------------+----------+

Report Cell Usage: 
+------+---------+------+
|      |Cell     |Count |
+------+---------+------+
|1     |BUFG     |     3|
|2     |CARRY4   |    25|
|3     |LUT1     |    11|
|4     |LUT2     |    19|
|5     |LUT3     |    21|
|6     |LUT4     |    24|
|7     |LUT5     |    25|
|8     |LUT6     |    42|
|9     |MUXF7    |     1|
|10    |RAM32M   |     1|
|11    |RAM32X1D |     2|
|12    |FDRE     |   139|
|13    |IBUF     |    11|
|14    |OBUF     |    27|
+------+---------+------+
---------------------------------------------------------------------------------
Finished Writing Synthesis Report : Time (s): cpu = 00:00:28 ; elapsed = 00:00:30 . Memory (MB): peak = 1596.707 ; gain = 668.656
---------------------------------------------------------------------------------
Synthesis finished with 0 errors, 0 critical warnings and 5 warnings.
Synthesis Optimization Runtime : Time (s): cpu = 00:00:21 ; elapsed = 00:00:28 . Memory (MB): peak = 1596.707 ; gain = 599.840
Synthesis Optimization Complete : Time (s): cpu = 00:00:29 ; elapsed = 00:00:30 . Memory (MB): peak = 1596.707 ; gain = 668.656
INFO: [Project 1-571] Translating synthesized netlist
Netlist sorting complete. Time (s): cpu = 00:00:00 ; elapsed = 00:00:00.002 . Memory (MB): peak = 1596.707 ; gain = 0.000
INFO: [Netlist 29-17] Analyzing 29 Unisim elements for replacement
INFO: [Netlist 29-28] Unisim Transformation completed in 0 CPU seconds
INFO: [Project 1-570] Preparing netlist for logic optimization
INFO: [Opt 31-138] Pushed 0 inverter(s) to 0 load pin(s).
Netlist sorting complete. Time (s): cpu = 00:00:00 ; elapsed = 00:00:00 . Memory (MB): peak = 1596.707 ; gain = 0.000
INFO: [Project 1-111] Unisim Transformation Summary:
  A total of 3 instances were transformed.
  RAM32M => RAM32M (RAMD32(x6), RAMS32(x2)): 1 instance 
  RAM32X1D => RAM32X1D (RAMD32(x2)): 2 instances

Synth Design complete | Checksum: 93c88c26
INFO: [Common 17-83] Releasing license: Synthesis
48 Infos, 130 Warnings, 16 Critical Warnings and 0 Errors encountered.
synth_design completed successfully
synth_design: Time (s): cpu = 00:00:33 ; elapsed = 00:00:35 . Memory (MB): peak = 1596.707 ; gain = 1066.371
INFO: [runtcl-6] Synthesis results are not added to the cache due to CRITICAL_WARNING
Write ShapeDB Complete: Time (s): cpu = 00:00:00 ; elapsed = 00:00:00.002 . Memory (MB): peak = 1596.707 ; gain = 0.000
INFO: [Common 17-1381] The checkpoint 'C:/finalproject/finalproject.runs/synth_1/system.dcp' has been generated.
INFO: [Vivado 12-24828] Executing command : report_utilization -file system_utilization_synth.rpt -pb system_utilization_synth.pb
INFO: [Common 17-206] Exiting Vivado at Wed Dec  4 16:01:09 2024...
